<?xml version="1.0" encoding="UTF-8"?>
<!-- Generated by org.testng.reporters.JUnitReportReporter -->
<testsuite hostname="DESKTOP-AFGMIHQ" failures="0" tests="8" name="TestNGScripts.CreateCustomer" time="0.123" errors="0" timestamp="2023-07-23T14:19:00 IST" skipped="1">
  <testcase classname="TestNGScripts.CreateCustomer" name="editCustomer" time="0.050">
    <system-out>
      <![CDATA[customer edited]]>
    </system-out>
  </testcase> <!-- editCustomer -->
  <testcase classname="TestNGScripts.CreateCustomer" name="createCustomer" time="0.019">
    <system-out>
      <![CDATA[customer created]]>
    </system-out>
  </testcase> <!-- createCustomer -->
  <testcase classname="TestNGScripts.CreateCustomer" name="createCustomer" time="0.013">
    <system-out>
      <![CDATA[customer created]]>
    </system-out>
  </testcase> <!-- createCustomer -->
  <testcase classname="TestNGScripts.CreateCustomer" name="createCustomer" time="0.006">
    <system-out>
      <![CDATA[customer created]]>
    </system-out>
  </testcase> <!-- createCustomer -->
  <testcase classname="TestNGScripts.CreateCustomer" name="createCustomer" time="0.006">
    <system-out>
      <![CDATA[customer created]]>
    </system-out>
  </testcase> <!-- createCustomer -->
  <testcase classname="TestNGScripts.CreateCustomer" name="createCustomer" time="0.017">
    <system-out>
      <![CDATA[customer created]]>
    </system-out>
  </testcase> <!-- createCustomer -->
  <testcase classname="TestNGScripts.CreateCustomer" name="modifyCustomer" time="0.012">
    <system-out>
      <![CDATA[customer modified]]>
    </system-out>
  </testcase> <!-- modifyCustomer -->
  <testcase classname="TestNGScripts.CreateCustomer" name="deleteCustomer">
    <skipped/>
  </testcase> <!-- deleteCustomer -->
  <system-out>
    <![CDATA[customer edited
customer created
customer created
customer created
customer created
customer created
customer modified]]>
  </system-out>
</testsuite> <!-- TestNGScripts.CreateCustomer -->
