<?xml version="1.0" encoding="UTF-8"?>
<!-- Generated by org.testng.reporters.JUnitReportReporter -->
<testsuite hostname="DESKTOP-AFGMIHQ" failures="0" tests="1" name="TestNGScripts.RefreshPage" time="38.695" errors="0" timestamp="2023-07-23T12:54:48 IST" skipped="0">
  <testcase classname="TestNGScripts.RefreshPage" name="actitimeLogin" time="38.695"/>
</testsuite> <!-- TestNGScripts.RefreshPage -->
