<?xml version="1.0" encoding="UTF-8"?>
<!-- Generated by org.testng.reporters.JUnitReportReporter -->
<testsuite hostname="DESKTOP-AFGMIHQ" failures="0" tests="2" name="TestNGScripts.Mumbai" time="72.309" errors="0" timestamp="2023-07-14T23:29:19 IST" skipped="0">
  <testcase classname="TestNGScripts.Mumbai" name="MayaNagari" time="49.551">
    <system-out>
      <![CDATA[Mumbai is dream city]]>
    </system-out>
  </testcase> <!-- MayaNagari -->
  <testcase classname="TestNGScripts.Mumbai" name="Dhoni" time="22.758">
    <system-out>
      <![CDATA[Caption cool]]>
    </system-out>
  </testcase> <!-- Dhoni -->
  <system-out>
    <![CDATA[Database connected
Browser is launched
Logged in sucessfully
Caption cool
Logout sucessfully
Logged in sucessfully
Mumbai is dream city
Logout sucessfully
logout sucessfully
database disconnected]]>
  </system-out>
</testsuite> <!-- TestNGScripts.Mumbai -->
