<?xml version="1.0" encoding="UTF-8"?>
<!-- Generated by org.testng.reporters.JUnitReportReporter -->
<testsuite hostname="DESKTOP-AFGMIHQ" failures="0" tests="1" name="TestNGScripts.Annotations" time="0.084" errors="0" timestamp="2023-07-14T10:40:40 IST" skipped="0">
  <testcase classname="TestNGScripts.Annotations" name="createCustomer" time="0.084">
    <system-out>
      <![CDATA[customer created sucessfully]]>
    </system-out>
  </testcase> <!-- createCustomer -->
  <system-out>
    <![CDATA[database connected
Browser is launch
logged in sucessfully
customer created sucessfully
logout sucessfully
database disconnected]]>
  </system-out>
</testsuite> <!-- TestNGScripts.Annotations -->
