<?xml version="1.0" encoding="UTF-8"?>
<!-- Generated by org.testng.reporters.JUnitReportReporter -->
<testsuite hostname="DESKTOP-AFGMIHQ" failures="0" tests="1" name="TestNGScripts.AssertDemo" time="23.824" errors="0" timestamp="2023-07-17T14:35:25 IST" skipped="0">
  <testcase classname="TestNGScripts.AssertDemo" name="titleCompare" time="23.824"/>
</testsuite> <!-- TestNGScripts.AssertDemo -->
