<?xml version="1.0" encoding="UTF-8"?>
<!-- Generated by org.testng.reporters.JUnitReportReporter -->
<testsuite hostname="DESKTOP-AFGMIHQ" failures="0" tests="1" name="TestNGScripts.AssertIfElse" time="28.166" errors="0" timestamp="2023-07-17T14:10:56 IST" skipped="0">
  <testcase classname="TestNGScripts.AssertIfElse" name="titleCompare" time="28.166">
    <system-out>
      <![CDATA[Title is matching]]>
    </system-out>
  </testcase> <!-- titleCompare -->
  <system-out>
    <![CDATA[Title is matching]]>
  </system-out>
</testsuite> <!-- TestNGScripts.AssertIfElse -->
